 400.0 1473.  1.2259  1.5662  1.21   6022.  97.00  92.98  1.00  3.65 2564.27  684.09 2495.68        1.225        1.241
 390.0 1473.  1.2115  1.5492  1.19   5850.  97.00  92.98  1.00  3.70 2564.45  674.97 2494.61        1.230        1.246
 380.0 1473.  1.1975  1.5322  1.18   5679.  97.00  92.97  1.00  3.75 2564.61  665.64 2493.47        1.234        1.251
 370.0 1473.  1.1849  1.5154  1.17   5509.  96.99  92.95  1.00  3.80 2564.68  656.07 2492.17        1.238        1.255
 360.0 1473.  1.1755  1.4983  1.16   5337.  96.97  92.90  1.00  3.86 2564.55  646.24 2490.60        1.242        1.259
 350.0 1473.  1.1714  1.4810  1.15   5163.  96.93  92.81  1.00  3.92 2564.09  636.08 2488.60        1.243        1.261
 340.0 1473.  1.1744  1.4633  1.15   4984.  96.86  92.65  1.00  3.98 2563.15  625.57 2486.05        1.242        1.260
 330.0 1473.  1.1853  1.4450  1.16   4801.  96.75  92.42  1.00  4.05 2561.70  614.67 2482.87        1.239        1.257
 320.0 1473.  1.2037  1.4264  1.18   4614.  96.61  92.11  1.00  4.12 2559.72  603.38 2479.05        1.233        1.252
 310.0 1473.  1.2282  1.4075  1.20   4425.  96.44  91.74  1.01  4.20 2557.31  591.69 2474.67        1.226        1.245
 300.0 1473.  1.2568  1.3886  1.23   4235.  96.24  91.30  1.01  4.29 2554.60  579.64 2469.84        1.217        1.236
 290.0 1473.  1.2873  1.3699  1.26   4048.  96.03  90.82  1.01  4.39 2551.71  567.23 2464.68        1.208        1.228
 280.0 1473.  1.3177  1.3514  1.29   3863.  95.79  90.32  1.01  4.49 2548.80  554.49 2459.32        1.199        1.219
 270.0 1473.  1.3464  1.3334  1.31   3683.  95.56  89.80  1.01  4.60 2545.95  541.45 2453.85        1.191        1.212
 260.0 1473.  1.3721  1.3158  1.34   3508.  95.31  89.28  1.02  4.71 2543.28  528.10 2448.33        1.184        1.205
 250.0 1473.  1.3938  1.2988  1.36   3338.  95.08  88.77  1.02  4.84 2540.84  514.46 2442.83        1.178        1.200
 240.0 1473.  1.4108  1.2824  1.37   3173.  94.84  88.28  1.02  4.97 2538.70  500.52 2437.36        1.174        1.196
 230.0 1473.  1.4229  1.2664  1.38   3014.  94.62  87.81  1.02  5.12 2536.88  486.28 2431.95        1.171        1.194
 220.0 1473.  1.4297  1.2510  1.39   2859.  94.41  87.37  1.03  5.27 2535.41  471.74 2426.57        1.170        1.193
 210.0 1473.  1.4312  1.2361  1.39   2710.  94.21  86.96  1.03  5.44 2534.30  456.87 2421.20        1.170        1.194
 200.0 1473.  1.4274  1.2217  1.38   2565.  94.03  86.57  1.03  5.63 2533.58  441.65 2415.80        1.172        1.197
 190.0 1473.  1.4185  1.2077  1.37   2425.  93.86  86.22  1.03  5.83 2533.23  426.06 2410.32        1.175        1.201
 180.0 1473.  1.4047  1.1941  1.35   2289.  93.70  85.90  1.03  6.06 2533.24  410.06 2404.67        1.180        1.207
 170.0 1473.  1.3860  1.1808  1.33   2156.  93.56  85.60  1.03  6.30 2533.65  393.64 2398.80        1.186        1.214
 160.0 1473.  1.3627  1.1680  1.31   2026.  93.42  85.33  1.04  6.58 2534.43  376.75 2392.53        1.193        1.223
 150.0 1473.  1.3348  1.1554  1.28   1900.  93.30  85.08  1.04  6.88 2535.59  359.36 2385.80        1.202        1.233
 140.0 1473.  1.3025  1.1430  1.24   1776.  93.19  84.85  1.04  7.23 2537.15  341.43 2378.40        1.213        1.246
 130.0 1473.  1.2658  1.1310  1.21   1655.  93.08  84.64  1.04  7.63 2539.12  322.90 2370.08        1.225        1.260
 120.0 1473.  1.2244  1.1191  1.16   1536.  92.98  84.44  1.04  8.08 2541.53  303.73 2360.63        1.239        1.276
 110.0 1473.  1.1784  1.1075  1.12   1418.  92.89  84.26  1.04  8.62 2544.39  283.87 2349.59        1.256        1.295
 100.0 1473.  1.1273  1.0960  1.06   1303.  92.81  84.09  1.04  9.25 2547.78  263.25 2336.50        1.274        1.316
  90.0 1473.  1.0708  1.0846  1.01   1188.  92.73  83.93  1.04 10.01 2551.73  241.82 2320.58        1.296        1.342
  80.0 1473.  1.0083  1.0734  0.94   1075.  92.65  83.78  1.04 10.94 2556.33  219.51 2300.70        1.321        1.371
  70.0 1473.  0.9389  1.0621  0.87    962.  92.59  83.64  1.04 12.11 2561.69  196.22 2275.25        1.350        1.406
  60.0 1473.  0.8617  1.0509  0.79    849.  92.52  83.52  1.05 13.63 2567.91  171.90 2241.42        1.385        1.448
  50.0 1473.  0.7752  1.0396  0.70    734.  92.47  83.41  1.05 15.67 2575.19  146.43 2194.57        1.427        1.501
  40.0 1473.  0.6774  1.0280  0.60    618.  92.42  83.31  1.05 18.57 2583.76  119.75 2126.09        1.480        1.570
  30.0 1473.  0.5655  1.0160  0.49    496.  92.38  83.23  1.05 23.02 2593.97   91.77 2018.06        1.550        1.664
  20.0 1473.  0.4348  1.0030  0.36    366.  92.35  83.17  1.05 30.63 2606.37   62.46 1827.26        1.648        1.807
