 400.0 1473.  1.2461  1.5643  1.23   6003.  96.93  92.82  1.00  3.65 2563.04  683.77 2494.43        1.218        1.235
 390.0 1473.  1.2954  1.5414  1.28   5774.  96.71  92.32  1.00  3.71 2559.29  673.61 2489.41        1.203        1.220
 380.0 1473.  1.3862  1.5153  1.36   5515.  96.32  91.46  1.01  3.77 2552.94  662.51 2481.68        1.177        1.194
 370.0 1473.  1.4975  1.4884  1.47   5247.  95.82  90.37  1.01  3.84 2545.26  650.74 2472.46        1.146        1.163
 360.0 1473.  1.6076  1.4623  1.58   4989.  95.28  89.21  1.02  3.92 2537.57  638.65 2463.13        1.118        1.135
 350.0 1473.  1.7023  1.4382  1.67   4750.  94.78  88.13  1.02  4.00 2530.75  626.52 2454.55        1.095        1.113
 340.0 1473.  1.7758  1.4162  1.74   4531.  94.33  87.20  1.03  4.09 2525.17  614.48 2447.11        1.078        1.096
 330.0 1473.  1.8275  1.3961  1.78   4331.  93.96  86.44  1.03  4.17 2520.88  602.58 2440.87        1.066        1.085
 320.0 1473.  1.8602  1.3777  1.81   4147.  93.67  85.83  1.03  4.26 2517.72  590.78 2435.68        1.059        1.078
 310.0 1473.  1.8781  1.3605  1.83   3975.  93.44  85.35  1.04  4.35 2515.45  578.99 2431.28        1.056        1.075
 300.0 1473.  1.8853  1.3442  1.83   3812.  93.25  84.97  1.04  4.44 2513.82  567.14 2427.42        1.055        1.074
 290.0 1473.  1.8853  1.3286  1.83   3655.  93.08  84.64  1.04  4.54 2512.64  555.14 2423.86        1.055        1.075
 280.0 1473.  1.8807  1.3134  1.83   3503.  92.94  84.35  1.04  4.64 2511.74  542.94 2420.43        1.056        1.077
 270.0 1473.  1.8730  1.2986  1.82   3354.  92.80  84.07  1.04  4.75 2511.03  530.47 2417.03        1.059        1.080
 260.0 1473.  1.8633  1.2840  1.81   3208.  92.66  83.79  1.04  4.86 2510.46  517.71 2413.55        1.061        1.083
 250.0 1473.  1.8520  1.2698  1.79   3065.  92.52  83.52  1.04  4.99 2509.99  504.63 2409.95        1.064        1.086
 240.0 1473.  1.8394  1.2557  1.78   2924.  92.38  83.23  1.05  5.12 2509.62  491.21 2406.19        1.068        1.090
 230.0 1473.  1.8254  1.2419  1.76   2785.  92.23  82.94  1.05  5.27 2509.35  477.43 2402.24        1.071        1.095
 220.0 1473.  1.8100  1.2282  1.75   2648.  92.08  82.64  1.05  5.43 2509.20  463.28 2398.08        1.075        1.100
 210.0 1473.  1.7930  1.2148  1.73   2514.  91.92  82.34  1.05  5.61 2509.16  448.73 2393.66        1.080        1.105
 200.0 1473.  1.7744  1.2016  1.71   2381.  91.76  82.02  1.05  5.80 2509.27  433.77 2388.94        1.085        1.111
 190.0 1473.  1.7539  1.1886  1.68   2251.  91.59  81.69  1.05  6.01 2509.53  418.38 2383.88        1.091        1.118
 180.0 1473.  1.7312  1.1759  1.66   2123.  91.42  81.35  1.06  6.24 2509.98  402.53 2378.43        1.097        1.125
 170.0 1473.  1.7060  1.1633  1.63   1997.  91.24  81.00  1.06  6.50 2510.65  386.21 2372.53        1.104        1.133
 160.0 1473.  1.6782  1.1510  1.60   1874.  91.05  80.65  1.06  6.79 2511.56  369.38 2366.05        1.112        1.142
 150.0 1473.  1.6472  1.1389  1.57   1753.  90.86  80.28  1.06  7.12 2512.76  352.03 2358.91        1.120        1.152
 140.0 1473.  1.6127  1.1270  1.53   1634.  90.67  79.91  1.06  7.49 2514.28  334.12 2350.95        1.130        1.164
 130.0 1473.  1.5742  1.1153  1.49   1517.  90.47  79.54  1.07  7.92 2516.19  315.62 2341.97        1.141        1.177
 120.0 1473.  1.5311  1.1039  1.44   1402.  90.27  79.16  1.07  8.41 2518.54  296.49 2331.69        1.154        1.192
 110.0 1473.  1.4828  1.0926  1.39   1290.  90.07  78.78  1.07  8.98 2521.39  276.69 2319.76        1.169        1.209
 100.0 1473.  1.4286  1.0816  1.33   1179.  89.86  78.40  1.07  9.66 2524.83  256.18 2305.60        1.185        1.230
  90.0 1473.  1.3675  1.0708  1.27   1071.  89.66  78.03  1.08 10.48 2528.98  234.91 2288.48        1.205        1.253
  80.0 1473.  1.2984  1.0601  1.20    964.  89.46  77.66  1.08 11.49 2533.94  212.82 2267.29        1.228        1.281
  70.0 1473.  1.2201  1.0496  1.12    859.  89.27  77.31  1.08 12.75 2539.86  189.86 2240.24        1.256        1.315
  60.0 1473.  1.1308  1.0392  1.02    755.  89.09  76.97  1.08 14.38 2546.96  165.95 2204.52        1.289        1.356
  50.0 1473.  1.0284  1.0288  0.92    651.  88.92  76.66  1.08 16.57 2555.47  141.04 2155.29        1.330        1.409
  40.0 1473.  0.9099  1.0184  0.80    546.  88.76  76.38  1.09 19.68 2565.75  115.06 2083.58        1.383        1.478
  30.0 1473.  0.7710  1.0076  0.65    438.  88.63  76.14  1.09 24.38 2578.32   87.96 1971.12        1.453        1.574
  20.0 1473.  0.6047  0.9963  0.48    323.  88.52  75.95  1.09 32.36 2593.98   59.72 1773.93        1.554        1.724
