 400.0 1473.  1.3472  1.5549  1.33   5913.  96.58  92.04  1.00  3.66 2556.90  682.12 2488.24        1.188        1.204
 390.0 1473.  1.5332  1.5208  1.51   5575.  95.82  90.38  1.01  3.74 2544.84  669.54 2474.75        1.136        1.153
 380.0 1473.  1.7109  1.4890  1.68   5261.  95.02  88.66  1.02  3.82 2533.22  656.64 2461.53        1.092        1.109
 370.0 1473.  1.8403  1.4621  1.80   4994.  94.36  87.26  1.03  3.90 2524.43  644.25 2451.06        1.062        1.080
 360.0 1473.  1.9193  1.4395  1.88   4770.  93.88  86.27  1.03  3.98 2518.60  632.52 2443.52        1.045        1.063
 350.0 1473.  1.9605  1.4200  1.91   4575.  93.56  85.61  1.03  4.06 2514.98  621.29 2438.16        1.037        1.055
 340.0 1473.  1.9784  1.4022  1.93   4398.  93.34  85.16  1.04  4.13 2512.74  610.29 2434.13        1.033        1.051
 330.0 1473.  1.9840  1.3856  1.93   4231.  93.17  84.82  1.04  4.21 2511.22  599.28 2430.74        1.032        1.051
 320.0 1473.  1.9836  1.3695  1.93   4070.  93.03  84.53  1.04  4.29 2510.05  588.13 2427.61        1.033        1.052
 310.0 1473.  1.9807  1.3538  1.93   3912.  92.89  84.25  1.04  4.37 2509.02  576.77 2424.49        1.034        1.053
 300.0 1473.  1.9765  1.3383  1.92   3757.  92.75  83.97  1.04  4.46 2508.07  565.14 2421.32        1.035        1.055
 290.0 1473.  1.9716  1.3231  1.91   3604.  92.60  83.67  1.04  4.56 2507.15  553.23 2418.01        1.036        1.057
 280.0 1473.  1.9661  1.3081  1.91   3453.  92.45  83.37  1.05  4.67 2506.26  541.02 2414.57        1.038        1.059
 270.0 1473.  1.9601  1.2932  1.90   3304.  92.29  83.05  1.05  4.78 2505.40  528.50 2410.98        1.040        1.061
 260.0 1473.  1.9534  1.2786  1.89   3157.  92.12  82.72  1.05  4.90 2504.58  515.65 2407.20        1.042        1.064
 250.0 1473.  1.9461  1.2641  1.88   3013.  91.94  82.37  1.05  5.03 2503.81  502.46 2403.23        1.044        1.066
 240.0 1473.  1.9380  1.2499  1.87   2870.  91.75  82.00  1.05  5.17 2503.09  488.92 2399.04        1.046        1.069
 230.0 1473.  1.9291  1.2359  1.86   2729.  91.56  81.62  1.05  5.32 2502.42  475.00 2394.60        1.049        1.072
 220.0 1473.  1.9190  1.2220  1.85   2591.  91.35  81.21  1.06  5.48 2501.85  460.70 2389.92        1.052        1.076
 210.0 1473.  1.9078  1.2084  1.83   2455.  91.13  80.79  1.06  5.67 2501.37  445.99 2384.91        1.055        1.080
 200.0 1473.  1.8953  1.1950  1.82   2321.  90.89  80.34  1.06  5.87 2500.99  430.86 2379.56        1.058        1.085
 190.0 1473.  1.8811  1.1818  1.80   2189.  90.65  79.88  1.06  6.09 2500.75  415.29 2373.82        1.062        1.090
 180.0 1473.  1.8651  1.1688  1.78   2059.  90.39  79.39  1.07  6.33 2500.67  399.25 2367.61        1.067        1.095
 170.0 1473.  1.8468  1.1560  1.76   1931.  90.12  78.88  1.07  6.60 2500.79  382.74 2360.89        1.072        1.102
 160.0 1473.  1.8261  1.1434  1.74   1806.  89.83  78.34  1.07  6.91 2501.12  365.71 2353.53        1.078        1.109
 150.0 1473.  1.8023  1.1311  1.71   1683.  89.53  77.78  1.08  7.26 2501.73  348.16 2345.42        1.085        1.117
 140.0 1473.  1.7750  1.1190  1.68   1563.  89.21  77.19  1.08  7.65 2502.66  330.05 2336.40        1.092        1.127
 130.0 1473.  1.7435  1.1071  1.64   1445.  88.88  76.59  1.08  8.11 2503.98  311.36 2326.27        1.101        1.138
 120.0 1473.  1.7071  1.0955  1.60   1330.  88.53  75.96  1.09  8.63 2505.77  292.05 2314.73        1.112        1.151
 110.0 1473.  1.6649  1.0842  1.55   1217.  88.17  75.32  1.09  9.24 2508.10  272.11 2301.39        1.124        1.166
 100.0 1473.  1.6158  1.0731  1.50   1107.  87.81  74.67  1.10  9.97 2511.10  251.49 2285.72        1.138        1.184
  90.0 1473.  1.5586  1.0623  1.44   1000.  87.43  74.02  1.10 10.85 2514.90  230.15 2266.93        1.156        1.206
  80.0 1473.  1.4918  1.0517  1.36    895.  87.06  73.36  1.11 11.93 2519.64  208.07 2243.83        1.177        1.232
  70.0 1473.  1.4135  1.0414  1.28    793.  86.68  72.72  1.11 13.29 2525.54  185.19 2214.62        1.202        1.264
  60.0 1473.  1.3215  1.0313  1.18    692.  86.32  72.10  1.12 15.03 2532.84  161.48 2176.37        1.233        1.304
  50.0 1473.  1.2130  1.0214  1.07    594.  85.98  71.52  1.12 17.37 2541.87  136.89 2124.04        1.273        1.356
  40.0 1473.  1.0842  1.0115  0.93    496.  85.66  70.99  1.12 20.67 2553.04  111.38 2048.47        1.324        1.424
  30.0 1473.  0.9294  1.0016  0.77    396.  85.39  70.53  1.13 25.63 2567.03   84.92 1930.92        1.393        1.522
  20.0 1473.  0.7400  0.9912  0.58    292.  85.18  70.17  1.13 33.93 2584.84   57.51 1727.21        1.495        1.675
