 400.0 1473.  2.0000  0.5000  2.00   5000.   0.00   0.00  0.00  0.00 2515.66    1.00 2515.66        1.018        1.018
 390.0 1473.  2.0000  0.5000  2.00   5000.   0.00   0.00  0.00  0.00 2514.48    1.00 2514.48        1.018        1.018
 380.0 1473.  2.0000  0.5000  2.00   5000.   0.00   0.00  0.00  0.00 2513.28    1.00 2513.28        1.018        1.018
 370.0 1473.  2.0000  0.5000  2.00   4855.  93.39  85.26  0.02  0.06 2512.10  640.03 2510.95        1.018        1.018
 360.0 1473.  2.0000  0.5000  2.00   4686.  93.26  85.00  0.03  0.13 2510.91  629.86 2508.37        1.018        1.019
 350.0 1473.  1.9977  0.4684  2.00   4519.  93.13  84.73  0.02  0.07 2509.74  619.46 2508.38        1.018        1.019
 340.0 1473.  1.9965  0.4518  2.00   4354.  92.99  84.45  0.02  0.07 2508.52  608.80 2507.14        1.019        1.019
 330.0 1473.  1.9952  0.4353  1.99   4191.  92.84  84.15  0.02  0.07 2507.29  597.89 2505.89        1.019        1.019
 320.0 1473.  1.9940  0.4190  1.99   4030.  92.68  83.83  0.02  0.07 2506.04  586.71 2504.61        1.019        1.020
 310.0 1473.  1.9927  0.4029  1.99   3871.  92.52  83.50  0.02  0.07 2504.77  575.25 2503.32        1.019        1.020
 300.0 1473.  1.9914  0.3870  1.99   3713.  92.34  83.15  0.02  0.08 2503.47  563.50 2502.00        1.020        1.020
 290.0 1473.  1.9901  0.3713  1.99   3558.  92.15  82.77  0.02  0.08 2502.16  551.45 2500.66        1.020        1.020
 280.0 1473.  1.9888  0.3557  1.99   3404.  91.94  82.37  0.02  0.08 2500.82  539.07 2499.30        1.020        1.021
 270.0 1473.  1.9875  0.3403  1.99   3252.  91.73  81.95  0.02  0.08 2499.46  526.36 2497.91        1.021        1.021
 260.0 1473.  1.9861  0.3251  1.99   3102.  91.49  81.50  0.02  0.08 2498.09  513.31 2496.51        1.021        1.021
 250.0 1473.  1.9847  0.3101  1.98   2954.  91.24  81.01  0.02  0.08 2496.69  499.88 2495.08        1.021        1.022
 240.0 1473.  1.9833  0.2953  1.98   2807.  90.97  80.48  0.02  0.08 2495.28  486.08 2493.62        1.022        1.022
 230.0 1473.  1.9818  0.2807  1.98   2662.  90.67  79.92  0.02  0.08 2493.84  471.87 2492.13        1.022        1.022
 220.0 1473.  1.9803  0.2662  1.98   2519.  90.35  79.30  0.02  0.09 2492.39  457.23 2490.63        1.022        1.023
 210.0 1473.  1.9788  0.2518  1.98   2377.  89.99  78.64  0.02  0.09 2490.92  442.14 2489.11        1.023        1.023
 200.0 1473.  1.9772  0.2377  1.98   2237.  89.60  77.91  0.02  0.09 2489.43  426.59 2487.55        1.023        1.023
 190.0 1473.  1.9756  0.2237  1.97   2099.  89.16  77.11  0.02  0.09 2487.92  410.53 2485.97        1.023        1.024
 180.0 1473.  1.9739  0.2099  1.97   1962.  88.68  76.23  0.02  0.10 2486.40  393.93 2484.36        1.024        1.024
 170.0 1473.  1.9722  0.1962  1.97   1827.  88.13  75.25  0.02  0.10 2484.86  376.77 2482.72        1.024        1.024
 160.0 1473.  1.9703  0.1826  1.97   1693.  87.51  74.16  0.02  0.11 2483.31  359.01 2481.07        1.024        1.025
 150.0 1473.  1.9703  0.1826  1.97   1560.  86.81  72.93  0.03  0.22 2481.73  340.59 2476.95        1.025        1.026
 140.0 1473.  1.9663  0.1559  1.96   1429.  85.99  71.54  0.02  0.12 2480.17  321.50 2477.64        1.025        1.026
 130.0 1473.  1.9663  0.1559  1.96   1298.  85.04  69.94  0.03  0.25 2478.57  301.64 2473.09        1.026        1.027
 120.0 1473.  1.9617  0.1298  1.96   1298.   0.00   0.00  0.00  0.00 2476.83    1.00 2476.83        1.026        1.026
 110.0 1473.  1.9617  0.1298  1.96   1041.  82.54  65.94  0.03  0.30 2475.40  259.47 2468.83        1.027        1.028
 100.0 1473.  1.9562  0.1041  1.95    914.  80.87  63.38  0.02  0.16 2473.84  237.01 2470.17        1.028        1.029
  90.0 1473.  1.9532  0.0914  1.95    787.  78.75  60.28  0.02  0.19 2472.27  213.51 2468.05        1.029        1.029
  80.0 1473.  1.9498  0.0787  1.95    660.  75.98  56.43  0.02  0.22 2470.72  188.88 2465.74        1.029        1.030
  70.0 1473.  1.9458  0.0660  1.94    533.  72.21  51.55  0.02  0.27 2469.23  163.03 2463.11        1.030        1.032
  60.0 1473.  1.9409  0.0533  1.93    406.  66.76  45.12  0.02  0.34 2467.84  135.86 2459.80        1.032        1.033
  50.0 1473.  1.9346  0.0406  1.93    277.  58.18  36.29  0.02  0.51 2466.68  107.30 2454.74        1.034        1.036
  40.0 1473.  1.9253  0.0277  1.91    148.  42.90  23.53  0.03  0.95 2466.20   77.45 2443.48        1.038        1.042
  30.0 1473.  1.9081  0.0148  1.84     30.  13.85   6.17  0.09  4.17 2470.54   48.27 2369.44        1.054        1.073
  20.0 1473.  1.8349  0.0030  1.46      1.   0.76   0.31  0.38 24.33 2502.11   29.78 1900.52        1.148        1.270
  10.0 1473.  1.4565  0.0000  0.89      0.   0.00   0.00  0.57 49.65 2553.70   14.78 1293.03        1.340        1.638
