 400.0 1473.  1.7177  1.5238  1.69   5611.  95.16  88.96  1.02  3.71 2534.73  675.60 2465.68        1.090        1.106
 390.0 1473.  1.8999  1.4924  1.86   5300.  94.29  87.12  1.03  3.80 2522.99  662.65 2452.32        1.049        1.065
 380.0 1473.  1.9453  1.4718  1.90   5094.  93.99  86.48  1.03  3.86 2519.24  652.05 2447.10        1.039        1.056
 370.0 1473.  1.9538  1.4541  1.91   4917.  93.83  86.17  1.03  3.93 2517.64  641.96 2444.01        1.037        1.055
 360.0 1473.  1.9547  1.4371  1.91   4746.  93.71  85.92  1.03  3.99 2516.47  631.80 2441.29        1.038        1.055
 350.0 1473.  1.9544  1.4204  1.91   4579.  93.59  85.67  1.03  4.06 2515.35  621.42 2438.54        1.038        1.056
 340.0 1473.  1.9539  1.4040  1.91   4414.  93.47  85.42  1.03  4.13 2514.23  610.81 2435.69        1.038        1.057
 330.0 1473.  1.9534  1.3877  1.90   4250.  93.33  85.14  1.04  4.20 2513.10  599.94 2432.71        1.039        1.057
 320.0 1473.  1.9528  1.3716  1.90   4089.  93.19  84.86  1.04  4.28 2511.96  588.80 2429.61        1.039        1.058
 310.0 1473.  1.9523  1.3557  1.90   3929.  93.04  84.56  1.04  4.37 2510.80  577.39 2426.36        1.040        1.059
 300.0 1473.  1.9517  1.3400  1.90   3771.  92.89  84.24  1.04  4.46 2509.63  565.69 2422.96        1.040        1.060
 290.0 1473.  1.9511  1.3244  1.89   3616.  92.72  83.90  1.04  4.56 2508.45  553.69 2419.40        1.041        1.061
 280.0 1473.  1.9505  1.3091  1.89   3462.  92.54  83.55  1.04  4.66 2507.26  541.38 2415.64        1.041        1.062
 270.0 1473.  1.9498  1.2939  1.89   3310.  92.35  83.17  1.05  4.77 2506.06  528.74 2411.69        1.042        1.063
 260.0 1473.  1.9491  1.2789  1.89   3160.  92.15  82.77  1.05  4.89 2504.86  515.75 2407.50        1.043        1.064
 250.0 1473.  1.9483  1.2641  1.88   3011.  91.93  82.34  1.05  5.03 2503.66  502.41 2403.06        1.043        1.066
 240.0 1473.  1.9475  1.2494  1.88   2865.  91.69  81.88  1.05  5.17 2502.46  488.69 2398.35        1.044        1.067
 230.0 1473.  1.9465  1.2349  1.88   2720.  91.44  81.39  1.06  5.33 2501.27  474.58 2393.32        1.045        1.069
 220.0 1473.  1.9454  1.2206  1.87   2578.  91.17  80.86  1.06  5.50 2500.08  460.06 2387.93        1.046        1.071
 210.0 1473.  1.9441  1.2065  1.87   2437.  90.87  80.29  1.06  5.69 2498.92  445.10 2382.14        1.047        1.073
 200.0 1473.  1.9426  1.1925  1.86   2297.  90.54  79.68  1.07  5.89 2497.78  429.69 2375.88        1.048        1.075
 190.0 1473.  1.9408  1.1787  1.86   2160.  90.19  79.01  1.07  6.13 2496.67  413.80 2369.08        1.050        1.077
 180.0 1473.  1.9386  1.1650  1.85   2024.  89.80  78.29  1.07  6.38 2495.61  397.41 2361.66        1.051        1.080
 170.0 1473.  1.9359  1.1515  1.84   1891.  89.38  77.50  1.08  6.68 2494.62  380.48 2353.50        1.053        1.083
 160.0 1473.  1.9325  1.1382  1.83   1759.  88.90  76.64  1.08  7.01 2493.72  362.99 2344.46        1.055        1.087
 150.0 1473.  1.9283  1.1250  1.82   1629.  88.38  75.69  1.09  7.38 2492.92  344.91 2334.36        1.058        1.091
 140.0 1473.  1.9229  1.1120  1.81   1501.  87.79  74.65  1.10  7.82 2492.28  326.21 2322.98        1.060        1.096
 130.0 1473.  1.9158  1.0992  1.79   1375.  87.14  73.50  1.11  8.32 2491.85  306.86 2310.02        1.064        1.102
 120.0 1473.  1.9065  1.0865  1.77   1251.  86.40  72.23  1.11  8.92 2491.69  286.83 2295.09        1.068        1.109
 110.0 1473.  1.8941  1.0740  1.75   1130.  85.57  70.83  1.12  9.63 2491.91  266.09 2277.65        1.074        1.118
 100.0 1473.  1.8772  1.0618  1.72   1011.  84.64  69.29  1.14 10.48 2492.64  244.63 2256.96        1.081        1.129
  90.0 1473.  1.8541  1.0497  1.68    896.  83.59  67.60  1.15 11.54 2494.08  222.45 2232.00        1.090        1.143
  80.0 1473.  1.8222  1.0380  1.64    784.  82.43  65.76  1.17 12.85 2496.48  199.55 2201.23        1.102        1.162
  70.0 1473.  1.7777  1.0267  1.57    676.  81.15  63.80  1.18 14.53 2500.24  175.99 2162.44        1.119        1.187
  60.0 1473.  1.7154  1.0158  1.49    574.  79.78  61.77  1.20 16.72 2505.83  151.84 2112.18        1.141        1.220
  50.0 1473.  1.6283  1.0054  1.38    477.  78.37  59.74  1.22 19.65 2513.93  127.22 2044.87        1.172        1.267
  40.0 1473.  1.5078  0.9956  1.24    386.  77.00  57.82  1.24 23.72 2525.36  102.24 1950.53        1.215        1.333
  30.0 1473.  1.3432  0.9865  1.05    301.  75.75  56.12  1.26 29.69 2541.20   77.00 1809.67        1.279        1.432
  20.0 1473.  1.1194  0.9777  0.81    217.  74.74  54.78  1.28 39.18 2563.01   51.56 1578.93        1.378        1.594
