 400.0 1473.  1.4535  1.5455  1.43   5821.  96.19  91.19  1.01  3.68 2550.48  680.33 2481.74        1.158        1.174
 390.0 1473.  1.6796  1.5090  1.65   5461.  95.24  89.12  1.02  3.76 2536.05  666.87 2465.77        1.099        1.116
 380.0 1473.  1.8216  1.4807  1.78   5181.  94.54  87.64  1.02  3.84 2526.59  654.51 2454.70        1.066        1.083
 370.0 1473.  1.8897  1.4586  1.85   4960.  94.13  86.79  1.03  3.91 2521.47  643.26 2447.99        1.051        1.069
 360.0 1473.  1.9159  1.4397  1.87   4772.  93.90  86.30  1.03  3.98 2518.80  632.59 2443.73        1.046        1.064
 350.0 1473.  1.9237  1.4225  1.88   4599.  93.74  85.98  1.03  4.05 2517.21  622.06 2440.49        1.044        1.062
 340.0 1473.  1.9247  1.4059  1.88   4432.  93.61  85.71  1.03  4.12 2516.02  611.42 2437.56        1.045        1.063
 330.0 1473.  1.9234  1.3896  1.88   4269.  93.48  85.45  1.03  4.19 2514.95  600.57 2434.66        1.045        1.064
 320.0 1473.  1.9213  1.3736  1.87   4108.  93.36  85.19  1.04  4.27 2513.91  589.48 2431.68        1.046        1.065
 310.0 1473.  1.9190  1.3578  1.87   3949.  93.22  84.92  1.04  4.36 2512.88  578.11 2428.57        1.047        1.066
 300.0 1473.  1.9163  1.3422  1.86   3793.  93.08  84.63  1.04  4.45 2511.86  566.47 2425.34        1.048        1.068
 290.0 1473.  1.9135  1.3267  1.86   3638.  92.93  84.33  1.04  4.54 2510.84  554.52 2421.95        1.049        1.069
 280.0 1473.  1.9104  1.3115  1.85   3485.  92.77  84.01  1.04  4.65 2509.83  542.28 2418.40        1.050        1.071
 270.0 1473.  1.9070  1.2965  1.85   3334.  92.60  83.67  1.04  4.76 2508.83  529.71 2414.66        1.051        1.072
 260.0 1473.  1.9032  1.2816  1.84   3185.  92.42  83.32  1.05  4.88 2507.85  516.80 2410.74        1.052        1.074
 250.0 1473.  1.8991  1.2669  1.84   3038.  92.23  82.94  1.05  5.01 2506.89  503.55 2406.59        1.054        1.076
 240.0 1473.  1.8945  1.2524  1.83   2894.  92.03  82.55  1.05  5.15 2505.96  489.94 2402.20        1.056        1.078
 230.0 1473.  1.8893  1.2382  1.82   2751.  91.82  82.13  1.05  5.30 2505.08  475.94 2397.53        1.057        1.081
 220.0 1473.  1.8834  1.2240  1.81   2610.  91.59  81.68  1.05  5.47 2504.24  461.55 2392.58        1.059        1.084
 210.0 1473.  1.8768  1.2101  1.80   2471.  91.35  81.21  1.06  5.65 2503.46  446.74 2387.28        1.061        1.087
 200.0 1473.  1.8692  1.1964  1.79   2334.  91.09  80.71  1.06  5.85 2502.77  431.49 2381.58        1.064        1.090
 190.0 1473.  1.8606  1.1829  1.78   2199.  90.80  80.17  1.06  6.07 2502.16  415.79 2375.44        1.067        1.094
 180.0 1473.  1.8506  1.1695  1.77   2066.  90.50  79.60  1.07  6.32 2501.67  399.61 2368.79        1.070        1.098
 170.0 1473.  1.8391  1.1564  1.75   1935.  90.18  78.99  1.07  6.60 2501.32  382.93 2361.53        1.074        1.103
 160.0 1473.  1.8256  1.1435  1.74   1806.  89.83  78.35  1.07  6.91 2501.15  365.72 2353.56        1.078        1.109
 150.0 1473.  1.8097  1.1308  1.71   1680.  89.46  77.66  1.08  7.27 2501.21  347.97 2344.76        1.083        1.116
 140.0 1473.  1.7910  1.1183  1.69   1556.  89.06  76.92  1.08  7.67 2501.53  329.64 2334.94        1.089        1.123
 130.0 1473.  1.7688  1.1060  1.66   1435.  88.63  76.14  1.09  8.14 2502.18  310.71 2323.89        1.096        1.132
 120.0 1473.  1.7421  1.0940  1.63   1316.  88.17  75.32  1.09  8.68 2503.27  291.15 2311.29        1.104        1.143
 110.0 1473.  1.7101  1.0822  1.59   1200.  87.68  74.45  1.10  9.32 2504.86  270.94 2296.76        1.114        1.156
 100.0 1473.  1.6714  1.0707  1.55   1086.  87.16  73.54  1.11 10.08 2507.11  250.06 2279.70        1.126        1.172
  90.0 1473.  1.6244  1.0595  1.49    976.  86.62  72.61  1.11 10.99 2510.16  228.47 2259.31        1.140        1.191
  80.0 1473.  1.5673  1.0486  1.43    869.  86.06  71.65  1.12 12.12 2514.20  206.16 2234.37        1.158        1.214
  70.0 1473.  1.4975  1.0380  1.35    765.  85.48  70.69  1.13 13.54 2519.51  183.11 2203.05        1.181        1.244
  60.0 1473.  1.4122  1.0277  1.26    664.  84.91  69.74  1.13 15.38 2526.36  159.30 2162.32        1.210        1.282
  50.0 1473.  1.3078  1.0177  1.14    566.  84.36  68.84  1.14 17.83 2535.15  134.70 2107.08        1.247        1.332
  40.0 1473.  1.1796  1.0080  1.01    469.  83.85  68.00  1.15 21.27 2546.40  109.32 2027.93        1.296        1.399
  30.0 1473.  1.0211  0.9982  0.84    373.  83.39  67.28  1.15 26.43 2560.84   83.14 1906.04        1.363        1.497
  20.0 1473.  0.8222  0.9883  0.63    274.  83.03  66.70  1.16 34.98 2579.63   56.17 1697.02        1.465        1.651
