weight fractions unless otherwise noted
pressure 	 temperature 	 water 	 CO2 	 dissolved h2o onliq 	 dissolved co2 onliq 	 exsolved h2o ongas 	 exsolved h2o ongas mol 	 gas_ontotal
400000000.000000 	 1473.000000 	 0.012259 	 0.015662 	  0.012080 	 0.006022 	 0.030000 	 0.070288 	 0.010000 
390000000.000000 	 1473.000000 	 0.012113 	 0.015492 	  0.011932 	 0.005850 	 0.030000 	 0.070288 	 0.010000 
380000000.000000 	 1473.000000 	 0.011965 	 0.015323 	  0.011783 	 0.005680 	 0.030000 	 0.070288 	 0.010000 
370000000.000000 	 1473.000000 	 0.011815 	 0.015157 	  0.011631 	 0.005512 	 0.030000 	 0.070288 	 0.010000 
360000000.000000 	 1473.000000 	 0.011662 	 0.014992 	  0.011476 	 0.005345 	 0.030000 	 0.070288 	 0.010000 
350000000.000000 	 1473.000000 	 0.011506 	 0.014829 	  0.011319 	 0.005181 	 0.030000 	 0.070289 	 0.010000 
340000000.000000 	 1473.000000 	 0.011348 	 0.014668 	  0.011159 	 0.005018 	 0.030002 	 0.070291 	 0.010000 
330000000.000000 	 1473.000000 	 0.011187 	 0.014508 	  0.010997 	 0.004856 	 0.030005 	 0.070298 	 0.010000 
320000000.000000 	 1473.000000 	 0.011024 	 0.014350 	  0.010832 	 0.004697 	 0.030012 	 0.070314 	 0.010000 
310000000.000000 	 1473.000000 	 0.010859 	 0.014193 	  0.010666 	 0.004539 	 0.030027 	 0.070348 	 0.010000 
300000000.000000 	 1473.000000 	 0.010695 	 0.014038 	  0.010499 	 0.004382 	 0.030057 	 0.070415 	 0.010001 
290000000.000000 	 1473.000000 	 0.010532 	 0.013884 	  0.010335 	 0.004226 	 0.030110 	 0.070535 	 0.010001 
280000000.000000 	 1473.000000 	 0.010374 	 0.013731 	  0.010174 	 0.004072 	 0.030199 	 0.070734 	 0.010002 
270000000.000000 	 1473.000000 	 0.010223 	 0.013579 	  0.010020 	 0.003918 	 0.030336 	 0.071042 	 0.010003 
260000000.000000 	 1473.000000 	 0.010080 	 0.013427 	  0.009874 	 0.003765 	 0.030535 	 0.071488 	 0.010005 
250000000.000000 	 1473.000000 	 0.009949 	 0.013276 	  0.009738 	 0.003612 	 0.030809 	 0.072102 	 0.010008 
240000000.000000 	 1473.000000 	 0.009829 	 0.013125 	  0.009614 	 0.003460 	 0.031167 	 0.072903 	 0.010011 
230000000.000000 	 1473.000000 	 0.009721 	 0.012974 	  0.009499 	 0.003308 	 0.031615 	 0.073905 	 0.010015 
220000000.000000 	 1473.000000 	 0.009621 	 0.012824 	  0.009393 	 0.003157 	 0.032154 	 0.075111 	 0.010021 
210000000.000000 	 1473.000000 	 0.009528 	 0.012675 	  0.009292 	 0.003007 	 0.032783 	 0.076514 	 0.010027 
200000000.000000 	 1473.000000 	 0.009438 	 0.012527 	  0.009194 	 0.002858 	 0.033495 	 0.078098 	 0.010033 
190000000.000000 	 1473.000000 	 0.009346 	 0.012380 	  0.009093 	 0.002710 	 0.034281 	 0.079844 	 0.010041 
180000000.000000 	 1473.000000 	 0.009248 	 0.012234 	  0.008985 	 0.002564 	 0.035129 	 0.081725 	 0.010049 
170000000.000000 	 1473.000000 	 0.009138 	 0.012091 	  0.008865 	 0.002419 	 0.036029 	 0.083714 	 0.010058 
160000000.000000 	 1473.000000 	 0.009014 	 0.011949 	  0.008730 	 0.002277 	 0.036967 	 0.085783 	 0.010067 
150000000.000000 	 1473.000000 	 0.008869 	 0.011809 	  0.008574 	 0.002137 	 0.037931 	 0.087903 	 0.010077 
140000000.000000 	 1473.000000 	 0.008701 	 0.011672 	  0.008393 	 0.001998 	 0.038909 	 0.090050 	 0.010086 
130000000.000000 	 1473.000000 	 0.008503 	 0.011536 	  0.008183 	 0.001862 	 0.039890 	 0.092196 	 0.010096 
120000000.000000 	 1473.000000 	 0.008273 	 0.011403 	  0.007941 	 0.001727 	 0.040863 	 0.094320 	 0.010106 
110000000.000000 	 1473.000000 	 0.008007 	 0.011271 	  0.007661 	 0.001595 	 0.041818 	 0.096399 	 0.010115 
100000000.000000 	 1473.000000 	 0.007699 	 0.011141 	  0.007340 	 0.001464 	 0.042746 	 0.098414 	 0.010124 
90000000.000000 	 1473.000000 	 0.007345 	 0.011012 	  0.006973 	 0.001335 	 0.043638 	 0.100346 	 0.010133 
80000000.000000 	 1473.000000 	 0.006940 	 0.010885 	  0.006555 	 0.001206 	 0.044485 	 0.102176 	 0.010142 
70000000.000000 	 1473.000000 	 0.006477 	 0.010758 	  0.006079 	 0.001078 	 0.045278 	 0.103886 	 0.010150 
60000000.000000 	 1473.000000 	 0.005948 	 0.010631 	  0.005537 	 0.000950 	 0.046009 	 0.105458 	 0.010157 
50000000.000000 	 1473.000000 	 0.005345 	 0.010502 	  0.004920 	 0.000821 	 0.046666 	 0.106869 	 0.010164 
40000000.000000 	 1473.000000 	 0.004652 	 0.010371 	  0.004215 	 0.000689 	 0.047239 	 0.108096 	 0.010170 
30000000.000000 	 1473.000000 	 0.003854 	 0.010235 	  0.003403 	 0.000551 	 0.047711 	 0.109107 	 0.010175 
20000000.000000 	 1473.000000 	 0.002925 	 0.010089 	  0.002460 	 0.000404 	 0.048063 	 0.109860 	 0.010178 
