weight fractions unless otherwise noted
pressure 	 temperature 	 water 	 CO2 	 dissolved h2o onliq 	 dissolved co2 onliq 	 exsolved h2o ongas 	 exsolved h2o ongas mol 	 gas_ontotal
400000000.000000 	 1473.000000 	 0.012616 	 0.015628 	  0.012428 	 0.005989 	 0.031215 	 0.073012 	 0.010011 
390000000.000000 	 1473.000000 	 0.013423 	 0.015372 	  0.013209 	 0.005733 	 0.034599 	 0.080549 	 0.010043 
380000000.000000 	 1473.000000 	 0.014638 	 0.015088 	  0.014382 	 0.005451 	 0.039774 	 0.091944 	 0.010093 
370000000.000000 	 1473.000000 	 0.015931 	 0.014807 	  0.015625 	 0.005174 	 0.045704 	 0.104803 	 0.010150 
360000000.000000 	 1473.000000 	 0.017065 	 0.014549 	  0.016710 	 0.004917 	 0.051443 	 0.117053 	 0.010207 
350000000.000000 	 1473.000000 	 0.017937 	 0.014316 	  0.017538 	 0.004686 	 0.056416 	 0.127514 	 0.010257 
340000000.000000 	 1473.000000 	 0.018537 	 0.014108 	  0.018101 	 0.004479 	 0.060413 	 0.135825 	 0.010297 
330000000.000000 	 1473.000000 	 0.018905 	 0.013918 	  0.018440 	 0.004290 	 0.063495 	 0.142171 	 0.010328 
320000000.000000 	 1473.000000 	 0.019100 	 0.013744 	  0.018611 	 0.004115 	 0.065857 	 0.147001 	 0.010353 
310000000.000000 	 1473.000000 	 0.019177 	 0.013579 	  0.018668 	 0.003950 	 0.067732 	 0.150812 	 0.010372 
300000000.000000 	 1473.000000 	 0.019181 	 0.013421 	  0.018655 	 0.003792 	 0.069318 	 0.154022 	 0.010389 
290000000.000000 	 1473.000000 	 0.019142 	 0.013267 	  0.018599 	 0.003638 	 0.070761 	 0.156931 	 0.010404 
280000000.000000 	 1473.000000 	 0.019077 	 0.013117 	  0.018518 	 0.003487 	 0.072152 	 0.159726 	 0.010418 
270000000.000000 	 1473.000000 	 0.018995 	 0.012969 	  0.018420 	 0.003339 	 0.073547 	 0.162517 	 0.010433 
260000000.000000 	 1473.000000 	 0.018900 	 0.012824 	  0.018308 	 0.003193 	 0.074975 	 0.165364 	 0.010448 
250000000.000000 	 1473.000000 	 0.018795 	 0.012681 	  0.018186 	 0.003049 	 0.076451 	 0.168295 	 0.010464 
240000000.000000 	 1473.000000 	 0.018679 	 0.012540 	  0.018051 	 0.002908 	 0.077984 	 0.171329 	 0.010480 
230000000.000000 	 1473.000000 	 0.018551 	 0.012401 	  0.017904 	 0.002769 	 0.079581 	 0.174475 	 0.010497 
220000000.000000 	 1473.000000 	 0.018411 	 0.012264 	  0.017743 	 0.002632 	 0.081243 	 0.177737 	 0.010515 
210000000.000000 	 1473.000000 	 0.018255 	 0.012130 	  0.017566 	 0.002497 	 0.082975 	 0.181120 	 0.010533 
200000000.000000 	 1473.000000 	 0.018084 	 0.011997 	  0.017372 	 0.002364 	 0.084777 	 0.184625 	 0.010553 
190000000.000000 	 1473.000000 	 0.017893 	 0.011867 	  0.017159 	 0.002234 	 0.086653 	 0.188255 	 0.010573 
180000000.000000 	 1473.000000 	 0.017682 	 0.011739 	  0.016922 	 0.002105 	 0.088601 	 0.192007 	 0.010595 
170000000.000000 	 1473.000000 	 0.017446 	 0.011613 	  0.016661 	 0.001979 	 0.090622 	 0.195880 	 0.010617 
160000000.000000 	 1473.000000 	 0.017183 	 0.011489 	  0.016371 	 0.001855 	 0.092714 	 0.199868 	 0.010640 
150000000.000000 	 1473.000000 	 0.016889 	 0.011368 	  0.016048 	 0.001734 	 0.094874 	 0.203964 	 0.010664 
140000000.000000 	 1473.000000 	 0.016559 	 0.011248 	  0.015689 	 0.001615 	 0.097098 	 0.208156 	 0.010689 
130000000.000000 	 1473.000000 	 0.016188 	 0.011131 	  0.015287 	 0.001498 	 0.099378 	 0.212430 	 0.010714 
120000000.000000 	 1473.000000 	 0.015769 	 0.011017 	  0.014836 	 0.001383 	 0.101704 	 0.216765 	 0.010741 
110000000.000000 	 1473.000000 	 0.015297 	 0.010904 	  0.014331 	 0.001271 	 0.104063 	 0.221137 	 0.010768 
100000000.000000 	 1473.000000 	 0.014763 	 0.010794 	  0.013762 	 0.001161 	 0.106439 	 0.225513 	 0.010795 
90000000.000000 	 1473.000000 	 0.014156 	 0.010686 	  0.013121 	 0.001053 	 0.108812 	 0.229857 	 0.010822 
80000000.000000 	 1473.000000 	 0.013466 	 0.010580 	  0.012395 	 0.000947 	 0.111155 	 0.234122 	 0.010849 
70000000.000000 	 1473.000000 	 0.012678 	 0.010475 	  0.011570 	 0.000842 	 0.113439 	 0.238256 	 0.010876 
60000000.000000 	 1473.000000 	 0.011774 	 0.010372 	  0.010630 	 0.000739 	 0.115628 	 0.242195 	 0.010902 
50000000.000000 	 1473.000000 	 0.010731 	 0.010270 	  0.009550 	 0.000637 	 0.117678 	 0.245866 	 0.010926 
40000000.000000 	 1473.000000 	 0.009517 	 0.010167 	  0.008299 	 0.000533 	 0.119537 	 0.249178 	 0.010948 
30000000.000000 	 1473.000000 	 0.008086 	 0.010062 	  0.006832 	 0.000428 	 0.121140 	 0.252021 	 0.010967 
20000000.000000 	 1473.000000 	 0.006365 	 0.009950 	  0.005076 	 0.000316 	 0.122396 	 0.254242 	 0.010982 
