 400.0 1473.  1.7793  1.5191  1.75   5564.  94.91  88.41  1.02  3.72 2531.10  674.44 2461.95        1.076        1.092
 390.0 1473.  1.9877  1.4860  1.94   5239.  93.90  86.30  1.03  3.81 2517.84  660.90 2446.99        1.030        1.047
 380.0 1473.  2.0414  1.4650  2.00   5029.  93.54  85.56  1.03  3.88 2513.58  650.09 2441.21        1.019        1.036
 370.0 1473.  2.0519  1.4473  2.00   4852.  93.37  85.21  1.04  3.95 2511.81  639.93 2437.94        1.017        1.034
 360.0 1473.  2.0532  1.4304  2.00   4682.  93.23  84.94  1.04  4.01 2510.57  629.74 2435.13        1.017        1.035
 350.0 1473.  2.0529  1.4138  2.00   4516.  93.10  84.68  1.04  4.08 2509.41  619.34 2432.32        1.017        1.035
 340.0 1473.  2.0524  1.3974  2.00   4351.  92.96  84.40  1.04  4.15 2508.24  608.70 2429.40        1.018        1.036
 330.0 1473.  2.0519  1.3812  2.00   4189.  92.82  84.11  1.04  4.23 2507.06  597.81 2426.36        1.018        1.037
 320.0 1473.  2.0513  1.3652  2.00   4028.  92.67  83.80  1.04  4.31 2505.87  586.65 2423.18        1.019        1.038
 310.0 1473.  2.0507  1.3494  1.99   3870.  92.51  83.48  1.04  4.40 2504.67  575.22 2419.86        1.019        1.039
 300.0 1473.  2.0501  1.3338  1.99   3713.  92.34  83.14  1.05  4.49 2503.45  563.49 2416.39        1.020        1.040
 290.0 1473.  2.0495  1.3183  1.99   3558.  92.15  82.79  1.05  4.59 2502.22  551.47 2412.74        1.020        1.041
 280.0 1473.  2.0488  1.3031  1.99   3405.  91.96  82.41  1.05  4.69 2500.99  539.13 2408.90        1.021        1.042
 270.0 1473.  2.0481  1.2880  1.98   3255.  91.76  82.00  1.05  4.81 2499.75  526.47 2404.86        1.022        1.043
 260.0 1473.  2.0473  1.2731  1.98   3106.  91.54  81.58  1.06  4.93 2498.51  513.46 2400.59        1.022        1.044
 250.0 1473.  2.0465  1.2584  1.98   2958.  91.30  81.12  1.06  5.07 2497.26  500.09 2396.05        1.023        1.046
 240.0 1473.  2.0456  1.2438  1.97   2813.  91.04  80.63  1.06  5.21 2496.02  486.35 2391.24        1.024        1.047
 230.0 1473.  2.0445  1.2294  1.97   2669.  90.77  80.11  1.06  5.37 2494.79  472.22 2386.10        1.025        1.049
 220.0 1473.  2.0433  1.2152  1.96   2528.  90.47  79.55  1.07  5.55 2493.57  457.67 2380.60        1.026        1.051
 210.0 1473.  2.0419  1.2012  1.96   2388.  90.15  78.94  1.07  5.74 2492.37  442.69 2374.68        1.027        1.053
 200.0 1473.  2.0402  1.1873  1.95   2250.  89.80  78.29  1.07  5.95 2491.20  427.25 2368.30        1.028        1.055
 190.0 1473.  2.0383  1.1736  1.95   2114.  89.42  77.58  1.08  6.19 2490.06  411.34 2361.35        1.030        1.057
 180.0 1473.  2.0358  1.1600  1.94   1979.  89.00  76.81  1.08  6.46 2488.99  394.92 2353.78        1.031        1.060
 170.0 1473.  2.0329  1.1466  1.93   1847.  88.54  75.98  1.09  6.76 2487.98  377.97 2345.44        1.033        1.064
 160.0 1473.  2.0291  1.1334  1.92   1716.  88.03  75.07  1.09  7.09 2487.08  360.47 2336.21        1.035        1.067
 150.0 1473.  2.0243  1.1204  1.91   1588.  87.46  74.07  1.10  7.48 2486.31  342.39 2325.89        1.038        1.072
 140.0 1473.  2.0182  1.1075  1.89   1461.  86.83  72.98  1.11  7.93 2485.70  323.68 2314.27        1.041        1.077
 130.0 1473.  2.0102  1.0948  1.88   1337.  86.13  71.77  1.12  8.45 2485.33  304.34 2301.04        1.045        1.083
 120.0 1473.  1.9997  1.0822  1.86   1215.  85.34  70.45  1.13  9.06 2485.26  284.32 2285.80        1.050        1.091
 110.0 1473.  1.9856  1.0699  1.83   1096.  84.46  69.00  1.14  9.79 2485.61  263.62 2267.99        1.056        1.100
 100.0 1473.  1.9667  1.0578  1.80    980.  83.48  67.41  1.15 10.68 2486.52  242.22 2246.86        1.063        1.112
  90.0 1473.  1.9410  1.0460  1.76    866.  82.38  65.68  1.17 11.77 2488.19  220.12 2221.35        1.073        1.127
  80.0 1473.  1.9056  1.0345  1.70    757.  81.16  63.82  1.18 13.12 2490.91  197.35 2189.96        1.086        1.147
  70.0 1473.  1.8565  1.0234  1.63    653.  79.84  61.86  1.20 14.85 2495.07  173.96 2150.46        1.103        1.173
  60.0 1473.  1.7885  1.0128  1.54    554.  78.45  59.85  1.22 17.09 2501.16  150.03 2099.37        1.126        1.208
  50.0 1473.  1.6948  1.0027  1.43    460.  77.04  57.87  1.24 20.08 2509.83  125.67 2031.04        1.158        1.256
  40.0 1473.  1.5670  0.9933  1.28    373.  75.68  56.03  1.26 24.22 2521.88  100.98 1935.45        1.203        1.324
  30.0 1473.  1.3946  0.9844  1.08    290.  74.46  54.42  1.28 30.26 2538.38   76.05 1793.20        1.268        1.425
  20.0 1473.  1.1629  0.9759  0.83    210.  73.48  53.15  1.30 39.84 2560.88   50.92 1560.84        1.368        1.589
